[2015-09-21 07:48:37] local.ERROR: exception 'ErrorException' with message 'file_put_contents(E:\wamp\www\xunyixia\storage\framework/sessions/cd7c4eb822e0d67fbb7b62b42571253232f0d55b): failed to open stream: No such file or directory' in E:\wamp\www\xunyixia\vendor\laravel\framework\src\Illuminate\Filesystem\Filesystem.php:81
Stack trace:
#0 [internal function]: Illuminate\Foundation\Bootstrap\HandleExceptions->handleError(2, 'file_put_conten...', 'E:\\wamp\\www\\xun...', 81, Array)
#1 E:\wamp\www\xunyixia\vendor\laravel\framework\src\Illuminate\Filesystem\Filesystem.php(81): file_put_contents('E:\\wamp\\www\\xun...', 'a:5:{s:6:"_toke...', 2)
#2 E:\wamp\www\xunyixia\vendor\laravel\framework\src\Illuminate\Session\FileSessionHandler.php(71): Illuminate\Filesystem\Filesystem->put('E:\\wamp\\www\\xun...', 'a:5:{s:6:"_toke...', true)
#3 E:\wamp\www\xunyixia\vendor\laravel\framework\src\Illuminate\Session\Store.php(262): Illuminate\Session\FileSessionHandler->write('cd7c4eb822e0d67...', 'a:5:{s:6:"_toke...')
#4 E:\wamp\www\xunyixia\vendor\laravel\framework\src\Illuminate\Session\Middleware\StartSession.php(88): Illuminate\Session\Store->save()
#5 E:\wamp\www\xunyixia\vendor\laravel\framework\src\Illuminate\Foundation\Http\Kernel.php(145): Illuminate\Session\Middleware\StartSession->terminate(Object(Illuminate\Http\Request), Object(Illuminate\Http\Response))
#6 E:\wamp\www\xunyixia\public\index.php(58): Illuminate\Foundation\Http\Kernel->terminate(Object(Illuminate\Http\Request), Object(Illuminate\Http\Response))
#7 {main}  
[2015-09-21 07:48:39] local.ERROR: exception 'ErrorException' with message 'file_put_contents(E:\wamp\www\xunyixia\storage\framework/sessions/cd7c4eb822e0d67fbb7b62b42571253232f0d55b): failed to open stream: No such file or directory' in E:\wamp\www\xunyixia\vendor\laravel\framework\src\Illuminate\Filesystem\Filesystem.php:81
Stack trace:
#0 [internal function]: Illuminate\Foundation\Bootstrap\HandleExceptions->handleError(2, 'file_put_conten...', 'E:\\wamp\\www\\xun...', 81, Array)
#1 E:\wamp\www\xunyixia\vendor\laravel\framework\src\Illuminate\Filesystem\Filesystem.php(81): file_put_contents('E:\\wamp\\www\\xun...', 'a:3:{s:6:"_toke...', 2)
#2 E:\wamp\www\xunyixia\vendor\laravel\framework\src\Illuminate\Session\FileSessionHandler.php(71): Illuminate\Filesystem\Filesystem->put('E:\\wamp\\www\\xun...', 'a:3:{s:6:"_toke...', true)
#3 E:\wamp\www\xunyixia\vendor\laravel\framework\src\Illuminate\Session\Store.php(262): Illuminate\Session\FileSessionHandler->write('cd7c4eb822e0d67...', 'a:3:{s:6:"_toke...')
#4 E:\wamp\www\xunyixia\vendor\laravel\framework\src\Illuminate\Session\Middleware\StartSession.php(88): Illuminate\Session\Store->save()
#5 E:\wamp\www\xunyixia\vendor\laravel\framework\src\Illuminate\Foundation\Http\Kernel.php(145): Illuminate\Session\Middleware\StartSession->terminate(Object(Illuminate\Http\Request), Object(Illuminate\Http\Response))
#6 E:\wamp\www\xunyixia\public\index.php(58): Illuminate\Foundation\Http\Kernel->terminate(Object(Illuminate\Http\Request), Object(Illuminate\Http\Response))
#7 {main}  
[2015-09-21 07:48:39] local.ERROR: exception 'ErrorException' with message 'file_put_contents(E:\wamp\www\xunyixia\storage\framework/sessions/cd7c4eb822e0d67fbb7b62b42571253232f0d55b): failed to open stream: No such file or directory' in E:\wamp\www\xunyixia\vendor\laravel\framework\src\Illuminate\Filesystem\Filesystem.php:81
Stack trace:
#0 [internal function]: Illuminate\Foundation\Bootstrap\HandleExceptions->handleError(2, 'file_put_conten...', 'E:\\wamp\\www\\xun...', 81, Array)
#1 E:\wamp\www\xunyixia\vendor\laravel\framework\src\Illuminate\Filesystem\Filesystem.php(81): file_put_contents('E:\\wamp\\www\\xun...', 'a:3:{s:6:"_toke...', 2)
#2 E:\wamp\www\xunyixia\vendor\laravel\framework\src\Illuminate\Session\FileSessionHandler.php(71): Illuminate\Filesystem\Filesystem->put('E:\\wamp\\www\\xun...', 'a:3:{s:6:"_toke...', true)
#3 E:\wamp\www\xunyixia\vendor\laravel\framework\src\Illuminate\Session\Store.php(262): Illuminate\Session\FileSessionHandler->write('cd7c4eb822e0d67...', 'a:3:{s:6:"_toke...')
#4 E:\wamp\www\xunyixia\vendor\laravel\framework\src\Illuminate\Session\Middleware\StartSession.php(88): Illuminate\Session\Store->save()
#5 E:\wamp\www\xunyixia\vendor\laravel\framework\src\Illuminate\Foundation\Http\Kernel.php(145): Illuminate\Session\Middleware\StartSession->terminate(Object(Illuminate\Http\Request), Object(Illuminate\Http\Response))
#6 E:\wamp\www\xunyixia\public\index.php(58): Illuminate\Foundation\Http\Kernel->terminate(Object(Illuminate\Http\Request), Object(Illuminate\Http\Response))
#7 {main}  
[2015-09-21 07:48:39] local.ERROR: exception 'ErrorException' with message 'file_put_contents(E:\wamp\www\xunyixia\storage\framework/sessions/cd7c4eb822e0d67fbb7b62b42571253232f0d55b): failed to open stream: No such file or directory' in E:\wamp\www\xunyixia\vendor\laravel\framework\src\Illuminate\Filesystem\Filesystem.php:81
Stack trace:
#0 [internal function]: Illuminate\Foundation\Bootstrap\HandleExceptions->handleError(2, 'file_put_conten...', 'E:\\wamp\\www\\xun...', 81, Array)
#1 E:\wamp\www\xunyixia\vendor\laravel\framework\src\Illuminate\Filesystem\Filesystem.php(81): file_put_contents('E:\\wamp\\www\\xun...', 'a:3:{s:6:"_toke...', 2)
#2 E:\wamp\www\xunyixia\vendor\laravel\framework\src\Illuminate\Session\FileSessionHandler.php(71): Illuminate\Filesystem\Filesystem->put('E:\\wamp\\www\\xun...', 'a:3:{s:6:"_toke...', true)
#3 E:\wamp\www\xunyixia\vendor\laravel\framework\src\Illuminate\Session\Store.php(262): Illuminate\Session\FileSessionHandler->write('cd7c4eb822e0d67...', 'a:3:{s:6:"_toke...')
#4 E:\wamp\www\xunyixia\vendor\laravel\framework\src\Illuminate\Session\Middleware\StartSession.php(88): Illuminate\Session\Store->save()
#5 E:\wamp\www\xunyixia\vendor\laravel\framework\src\Illuminate\Foundation\Http\Kernel.php(145): Illuminate\Session\Middleware\StartSession->terminate(Object(Illuminate\Http\Request), Object(Illuminate\Http\Response))
#6 E:\wamp\www\xunyixia\public\index.php(58): Illuminate\Foundation\Http\Kernel->terminate(Object(Illuminate\Http\Request), Object(Illuminate\Http\Response))
#7 {main}  
[2015-09-21 07:48:40] local.ERROR: exception 'ErrorException' with message 'file_put_contents(E:\wamp\www\xunyixia\storage\framework/sessions/cd7c4eb822e0d67fbb7b62b42571253232f0d55b): failed to open stream: No such file or directory' in E:\wamp\www\xunyixia\vendor\laravel\framework\src\Illuminate\Filesystem\Filesystem.php:81
Stack trace:
#0 [internal function]: Illuminate\Foundation\Bootstrap\HandleExceptions->handleError(2, 'file_put_conten...', 'E:\\wamp\\www\\xun...', 81, Array)
#1 E:\wamp\www\xunyixia\vendor\laravel\framework\src\Illuminate\Filesystem\Filesystem.php(81): file_put_contents('E:\\wamp\\www\\xun...', 'a:3:{s:6:"_toke...', 2)
#2 E:\wamp\www\xunyixia\vendor\laravel\framework\src\Illuminate\Session\FileSessionHandler.php(71): Illuminate\Filesystem\Filesystem->put('E:\\wamp\\www\\xun...', 'a:3:{s:6:"_toke...', true)
#3 E:\wamp\www\xunyixia\vendor\laravel\framework\src\Illuminate\Session\Store.php(262): Illuminate\Session\FileSessionHandler->write('cd7c4eb822e0d67...', 'a:3:{s:6:"_toke...')
#4 E:\wamp\www\xunyixia\vendor\laravel\framework\src\Illuminate\Session\Middleware\StartSession.php(88): Illuminate\Session\Store->save()
#5 E:\wamp\www\xunyixia\vendor\laravel\framework\src\Illuminate\Foundation\Http\Kernel.php(145): Illuminate\Session\Middleware\StartSession->terminate(Object(Illuminate\Http\Request), Object(Illuminate\Http\Response))
#6 E:\wamp\www\xunyixia\public\index.php(58): Illuminate\Foundation\Http\Kernel->terminate(Object(Illuminate\Http\Request), Object(Illuminate\Http\Response))
#7 {main}  
[2015-09-21 07:48:40] local.ERROR: exception 'ErrorException' with message 'file_put_contents(E:\wamp\www\xunyixia\storage\framework/sessions/cd7c4eb822e0d67fbb7b62b42571253232f0d55b): failed to open stream: No such file or directory' in E:\wamp\www\xunyixia\vendor\laravel\framework\src\Illuminate\Filesystem\Filesystem.php:81
Stack trace:
#0 [internal function]: Illuminate\Foundation\Bootstrap\HandleExceptions->handleError(2, 'file_put_conten...', 'E:\\wamp\\www\\xun...', 81, Array)
#1 E:\wamp\www\xunyixia\vendor\laravel\framework\src\Illuminate\Filesystem\Filesystem.php(81): file_put_contents('E:\\wamp\\www\\xun...', 'a:3:{s:6:"_toke...', 2)
#2 E:\wamp\www\xunyixia\vendor\laravel\framework\src\Illuminate\Session\FileSessionHandler.php(71): Illuminate\Filesystem\Filesystem->put('E:\\wamp\\www\\xun...', 'a:3:{s:6:"_toke...', true)
#3 E:\wamp\www\xunyixia\vendor\laravel\framework\src\Illuminate\Session\Store.php(262): Illuminate\Session\FileSessionHandler->write('cd7c4eb822e0d67...', 'a:3:{s:6:"_toke...')
#4 E:\wamp\www\xunyixia\vendor\laravel\framework\src\Illuminate\Session\Middleware\StartSession.php(88): Illuminate\Session\Store->save()
#5 E:\wamp\www\xunyixia\vendor\laravel\framework\src\Illuminate\Foundation\Http\Kernel.php(145): Illuminate\Session\Middleware\StartSession->terminate(Object(Illuminate\Http\Request), Object(Illuminate\Http\Response))
#6 E:\wamp\www\xunyixia\public\index.php(58): Illuminate\Foundation\Http\Kernel->terminate(Object(Illuminate\Http\Request), Object(Illuminate\Http\Response))
#7 {main}  
[2015-09-21 07:48:41] local.ERROR: exception 'ErrorException' with message 'file_put_contents(E:\wamp\www\xunyixia\storage\framework/sessions/cd7c4eb822e0d67fbb7b62b42571253232f0d55b): failed to open stream: No such file or directory' in E:\wamp\www\xunyixia\vendor\laravel\framework\src\Illuminate\Filesystem\Filesystem.php:81
Stack trace:
#0 [internal function]: Illuminate\Foundation\Bootstrap\HandleExceptions->handleError(2, 'file_put_conten...', 'E:\\wamp\\www\\xun...', 81, Array)
#1 E:\wamp\www\xunyixia\vendor\laravel\framework\src\Illuminate\Filesystem\Filesystem.php(81): file_put_contents('E:\\wamp\\www\\xun...', 'a:3:{s:6:"_toke...', 2)
#2 E:\wamp\www\xunyixia\vendor\laravel\framework\src\Illuminate\Session\FileSessionHandler.php(71): Illuminate\Filesystem\Filesystem->put('E:\\wamp\\www\\xun...', 'a:3:{s:6:"_toke...', true)
#3 E:\wamp\www\xunyixia\vendor\laravel\framework\src\Illuminate\Session\Store.php(262): Illuminate\Session\FileSessionHandler->write('cd7c4eb822e0d67...', 'a:3:{s:6:"_toke...')
#4 E:\wamp\www\xunyixia\vendor\laravel\framework\src\Illuminate\Session\Middleware\StartSession.php(88): Illuminate\Session\Store->save()
#5 E:\wamp\www\xunyixia\vendor\laravel\framework\src\Illuminate\Foundation\Http\Kernel.php(145): Illuminate\Session\Middleware\StartSession->terminate(Object(Illuminate\Http\Request), Object(Illuminate\Http\Response))
#6 E:\wamp\www\xunyixia\public\index.php(58): Illuminate\Foundation\Http\Kernel->terminate(Object(Illuminate\Http\Request), Object(Illuminate\Http\Response))
#7 {main}  
[2015-09-21 07:48:41] local.ERROR: exception 'ErrorException' with message 'file_put_contents(E:\wamp\www\xunyixia\storage\framework/sessions/cd7c4eb822e0d67fbb7b62b42571253232f0d55b): failed to open stream: No such file or directory' in E:\wamp\www\xunyixia\vendor\laravel\framework\src\Illuminate\Filesystem\Filesystem.php:81
Stack trace:
#0 [internal function]: Illuminate\Foundation\Bootstrap\HandleExceptions->handleError(2, 'file_put_conten...', 'E:\\wamp\\www\\xun...', 81, Array)
#1 E:\wamp\www\xunyixia\vendor\laravel\framework\src\Illuminate\Filesystem\Filesystem.php(81): file_put_contents('E:\\wamp\\www\\xun...', 'a:3:{s:6:"_toke...', 2)
#2 E:\wamp\www\xunyixia\vendor\laravel\framework\src\Illuminate\Session\FileSessionHandler.php(71): Illuminate\Filesystem\Filesystem->put('E:\\wamp\\www\\xun...', 'a:3:{s:6:"_toke...', true)
#3 E:\wamp\www\xunyixia\vendor\laravel\framework\src\Illuminate\Session\Store.php(262): Illuminate\Session\FileSessionHandler->write('cd7c4eb822e0d67...', 'a:3:{s:6:"_toke...')
#4 E:\wamp\www\xunyixia\vendor\laravel\framework\src\Illuminate\Session\Middleware\StartSession.php(88): Illuminate\Session\Store->save()
#5 E:\wamp\www\xunyixia\vendor\laravel\framework\src\Illuminate\Foundation\Http\Kernel.php(145): Illuminate\Session\Middleware\StartSession->terminate(Object(Illuminate\Http\Request), Object(Illuminate\Http\Response))
#6 E:\wamp\www\xunyixia\public\index.php(58): Illuminate\Foundation\Http\Kernel->terminate(Object(Illuminate\Http\Request), Object(Illuminate\Http\Response))
#7 {main}  
[2015-09-21 07:49:56] local.ERROR: exception 'ErrorException' with message 'file_put_contents(E:\wamp\www\xunyixia\storage\framework/sessions/cd7c4eb822e0d67fbb7b62b42571253232f0d55b): failed to open stream: No such file or directory' in E:\wamp\www\xunyixia\vendor\laravel\framework\src\Illuminate\Filesystem\Filesystem.php:81
Stack trace:
#0 [internal function]: Illuminate\Foundation\Bootstrap\HandleExceptions->handleError(2, 'file_put_conten...', 'E:\\wamp\\www\\xun...', 81, Array)
#1 E:\wamp\www\xunyixia\vendor\laravel\framework\src\Illuminate\Filesystem\Filesystem.php(81): file_put_contents('E:\\wamp\\www\\xun...', 'a:5:{s:6:"_toke...', 2)
#2 E:\wamp\www\xunyixia\vendor\laravel\framework\src\Illuminate\Session\FileSessionHandler.php(71): Illuminate\Filesystem\Filesystem->put('E:\\wamp\\www\\xun...', 'a:5:{s:6:"_toke...', true)
#3 E:\wamp\www\xunyixia\vendor\laravel\framework\src\Illuminate\Session\Store.php(262): Illuminate\Session\FileSessionHandler->write('cd7c4eb822e0d67...', 'a:5:{s:6:"_toke...')
#4 E:\wamp\www\xunyixia\vendor\laravel\framework\src\Illuminate\Session\Middleware\StartSession.php(88): Illuminate\Session\Store->save()
#5 E:\wamp\www\xunyixia\vendor\laravel\framework\src\Illuminate\Foundation\Http\Kernel.php(145): Illuminate\Session\Middleware\StartSession->terminate(Object(Illuminate\Http\Request), Object(Illuminate\Http\Response))
#6 E:\wamp\www\xunyixia\public\index.php(58): Illuminate\Foundation\Http\Kernel->terminate(Object(Illuminate\Http\Request), Object(Illuminate\Http\Response))
#7 {main}  
[2015-09-21 07:49:58] local.ERROR: exception 'ErrorException' with message 'file_put_contents(E:\wamp\www\xunyixia\storage\framework/sessions/cd7c4eb822e0d67fbb7b62b42571253232f0d55b): failed to open stream: No such file or directory' in E:\wamp\www\xunyixia\vendor\laravel\framework\src\Illuminate\Filesystem\Filesystem.php:81
Stack trace:
#0 [internal function]: Illuminate\Foundation\Bootstrap\HandleExceptions->handleError(2, 'file_put_conten...', 'E:\\wamp\\www\\xun...', 81, Array)
#1 E:\wamp\www\xunyixia\vendor\laravel\framework\src\Illuminate\Filesystem\Filesystem.php(81): file_put_contents('E:\\wamp\\www\\xun...', 'a:3:{s:6:"_toke...', 2)
#2 E:\wamp\www\xunyixia\vendor\laravel\framework\src\Illuminate\Session\FileSessionHandler.php(71): Illuminate\Filesystem\Filesystem->put('E:\\wamp\\www\\xun...', 'a:3:{s:6:"_toke...', true)
#3 E:\wamp\www\xunyixia\vendor\laravel\framework\src\Illuminate\Session\Store.php(262): Illuminate\Session\FileSessionHandler->write('cd7c4eb822e0d67...', 'a:3:{s:6:"_toke...')
#4 E:\wamp\www\xunyixia\vendor\laravel\framework\src\Illuminate\Session\Middleware\StartSession.php(88): Illuminate\Session\Store->save()
#5 E:\wamp\www\xunyixia\vendor\laravel\framework\src\Illuminate\Foundation\Http\Kernel.php(145): Illuminate\Session\Middleware\StartSession->terminate(Object(Illuminate\Http\Request), Object(Illuminate\Http\Response))
#6 E:\wamp\www\xunyixia\public\index.php(58): Illuminate\Foundation\Http\Kernel->terminate(Object(Illuminate\Http\Request), Object(Illuminate\Http\Response))
#7 {main}  
[2015-09-21 07:50:23] local.ERROR: exception 'ErrorException' with message 'file_put_contents(E:\wamp\www\xunyixia\storage\framework/sessions/cd7c4eb822e0d67fbb7b62b42571253232f0d55b): failed to open stream: No such file or directory' in E:\wamp\www\xunyixia\vendor\laravel\framework\src\Illuminate\Filesystem\Filesystem.php:81
Stack trace:
#0 [internal function]: Illuminate\Foundation\Bootstrap\HandleExceptions->handleError(2, 'file_put_conten...', 'E:\\wamp\\www\\xun...', 81, Array)
#1 E:\wamp\www\xunyixia\vendor\laravel\framework\src\Illuminate\Filesystem\Filesystem.php(81): file_put_contents('E:\\wamp\\www\\xun...', 'a:5:{s:6:"_toke...', 2)
#2 E:\wamp\www\xunyixia\vendor\laravel\framework\src\Illuminate\Session\FileSessionHandler.php(71): Illuminate\Filesystem\Filesystem->put('E:\\wamp\\www\\xun...', 'a:5:{s:6:"_toke...', true)
#3 E:\wamp\www\xunyixia\vendor\laravel\framework\src\Illuminate\Session\Store.php(262): Illuminate\Session\FileSessionHandler->write('cd7c4eb822e0d67...', 'a:5:{s:6:"_toke...')
#4 E:\wamp\www\xunyixia\vendor\laravel\framework\src\Illuminate\Session\Middleware\StartSession.php(88): Illuminate\Session\Store->save()
#5 E:\wamp\www\xunyixia\vendor\laravel\framework\src\Illuminate\Foundation\Http\Kernel.php(145): Illuminate\Session\Middleware\StartSession->terminate(Object(Illuminate\Http\Request), Object(Illuminate\Http\Response))
#6 E:\wamp\www\xunyixia\public\index.php(58): Illuminate\Foundation\Http\Kernel->terminate(Object(Illuminate\Http\Request), Object(Illuminate\Http\Response))
#7 {main}  
[2015-09-21 07:50:25] local.ERROR: exception 'ErrorException' with message 'file_put_contents(E:\wamp\www\xunyixia\storage\framework/sessions/cd7c4eb822e0d67fbb7b62b42571253232f0d55b): failed to open stream: No such file or directory' in E:\wamp\www\xunyixia\vendor\laravel\framework\src\Illuminate\Filesystem\Filesystem.php:81
Stack trace:
#0 [internal function]: Illuminate\Foundation\Bootstrap\HandleExceptions->handleError(2, 'file_put_conten...', 'E:\\wamp\\www\\xun...', 81, Array)
#1 E:\wamp\www\xunyixia\vendor\laravel\framework\src\Illuminate\Filesystem\Filesystem.php(81): file_put_contents('E:\\wamp\\www\\xun...', 'a:3:{s:6:"_toke...', 2)
#2 E:\wamp\www\xunyixia\vendor\laravel\framework\src\Illuminate\Session\FileSessionHandler.php(71): Illuminate\Filesystem\Filesystem->put('E:\\wamp\\www\\xun...', 'a:3:{s:6:"_toke...', true)
#3 E:\wamp\www\xunyixia\vendor\laravel\framework\src\Illuminate\Session\Store.php(262): Illuminate\Session\FileSessionHandler->write('cd7c4eb822e0d67...', 'a:3:{s:6:"_toke...')
#4 E:\wamp\www\xunyixia\vendor\laravel\framework\src\Illuminate\Session\Middleware\StartSession.php(88): Illuminate\Session\Store->save()
#5 E:\wamp\www\xunyixia\vendor\laravel\framework\src\Illuminate\Foundation\Http\Kernel.php(145): Illuminate\Session\Middleware\StartSession->terminate(Object(Illuminate\Http\Request), Object(Illuminate\Http\Response))
#6 E:\wamp\www\xunyixia\public\index.php(58): Illuminate\Foundation\Http\Kernel->terminate(Object(Illuminate\Http\Request), Object(Illuminate\Http\Response))
#7 {main}  
